<?xml version="1.0" encoding="UTF-8"?>
<testsuite name="SearchTests" tests="1" skipped="0" failures="0" errors="0" timestamp="2024-11-09T09:28:38" hostname="k-pc" time="3.382">
  <properties/>
  <testcase name="successfulSearchTest()" classname="SearchTests" time="3.382"/>
  <system-out><![CDATA[]]></system-out>
  <system-err><![CDATA[[Test worker] INFO com.codeborne.selenide.impl.WebDriverThreadLocalContainer - No webdriver is bound to current thread: 1 - let's create a new webdriver
[Test worker] INFO com.codeborne.selenide.impl.FileHelper - Creating folder: /home/k/IdeaProjects/example_HW/build/downloads/1731144518104_14801_1
[Test worker] INFO com.codeborne.selenide.webdriver.SelenideNettyClientFactory - Changed readTimeout from PT3M to PT1M30S
[Test worker] INFO com.codeborne.selenide.webdriver.SelenideNettyClientFactory - Changed readTimeout from PT3M to PT1M30S
нояб. 09, 2024 12:28:39 PM org.openqa.selenium.devtools.CdpVersionFinder findNearestMatch
WARNING: Unable to find CDP implementation matching 130
нояб. 09, 2024 12:28:39 PM org.openqa.selenium.chromium.ChromiumDriver lambda$new$5
WARNING: Unable to find version of CDP to use for 130.0.6723.91. You may need to include a dependency on a specific version of the CDP using something similar to `org.seleniumhq.selenium:selenium-devtools-v86:4.13.0` where the version ("v86") matches the version of the chromium-based browser you're using and the version number of the artifact is the same as Selenium's.
[Test worker] INFO com.codeborne.selenide.webdriver.WebDriverFactory - BrowserName=chrome Version=130.0.6723.91 Platform=linux
[Test worker] INFO com.codeborne.selenide.webdriver.WebDriverFactory - Selenide v. 6.19.1
[Test worker] INFO com.codeborne.selenide.webdriver.WebDriverFactory - Selenium WebDriver v. 4.13.0 build revision: ba948ece5b*
[Test worker] INFO com.codeborne.selenide.drivercommands.CreateDriverCommand - Created webdriver in thread 1: ChromeDriver -> ChromeDriver: chrome on linux (384372ef5d3da8358e4f6a1bd24041c0)
[Test worker] INFO com.codeborne.selenide.drivercommands.DisposablesRegistry - Register WebDriverInstance[config=StaticConfig,webDriver=ChromeDriver: chrome on linux (384372ef5d3da8358e4f6a1bd24041c0),proxy=null,downloadsFolder=/home/k/IdeaProjects/example_HW/build/downloads/1731144518104_14801_1] in 1 [size=1]
[Test worker] INFO com.codeborne.selenide.drivercommands.DisposablesRegistry - Add shutdown hook in 1 [size=1]
]]></system-err>
</testsuite>
